<?xml version="1.0" encoding="UTF-8"?>
<testsuite xmlns:xsi="http://www.w3.org/2001/XMLSchema-instance" xsi:noNamespaceSchemaLocation="https://maven.apache.org/surefire/maven-surefire-plugin/xsd/surefire-test-report-3.0.xsd" version="3.0" name="be.abis.exb2.ut.TestAddress" time="0.047" tests="3" errors="0" skipped="0" failures="0">
  <properties>
[...]
</properties>
  <testcase name="testThatBelgianZipCodeIsNumeric" classname="be.abis.exb2.ut.TestAddress" time="0"/>
  <testcase name="appendingAddressToExistingReadOnlyFileShouldThrowIOException" classname="be.abis.exb2.ut.TestAddress" time="0"/>
  <testcase name="appendingAddressToFileShouldReturnExtraLineInFile" classname="be.abis.exb2.ut.TestAddress" time="0"/>
</testsuite>